生成启动时间为 2010/10/9 11:07:51。
     1>项目“D:\cpp\origin\ArpCheat\ArpCheat.vcxproj”在节点 2 上(rebuild 个目标)。
     1>InitializeBuildStatus:
         正在创建“.\Debug\ArpCheat.unsuccessfulbuild”，因为已指定“AlwaysCreate”。
       ClCompile:
         C:\Program Files (x86)\Microsoft Visual Studio 10.0\VC\bin\CL.exe /c /ZI /nologo /W3 /WX- /Od /Oy- /D _DEBUG /D WIN32 /D _CONSOLE /D WPCAP /D HAVE_REMOTE /D _VC80_UPGRADE=0x0600 /D WPCAP /D HAVE_REMOTE /D _MBCS /Gm /EHsc /RTC1 /MTd /GS /Gy- /fp:precise /Zc:wchar_t /Zc:forScope /Fo".\Debug\\" /Fd".\Debug\vc100.pdb" /Gd /TP /analyze- /errorReport:prompt ArpCheat.cpp
         ArpCheat.cpp
     1>d:\cpp\origin\arpcheat\arpcheat.cpp(59): warning C4996: 'scanf': This function or variable may be unsafe. Consider using scanf_s instead. To disable deprecation, use _CRT_SECURE_NO_WARNINGS. See online help for details.
                 c:\program files (x86)\microsoft visual studio 10.0\vc\include\stdio.h(304) : 参见“scanf”的声明
       ManifestResourceCompile:
         C:\Program Files (x86)\Microsoft SDKs\Windows\v7.0A\bin\rc.exe /nologo /fo".\Debug\ArpCheat.exe.embed.manifest.res" .\Debug\ArpCheat_manifest.rc 
       Link:
         C:\Program Files (x86)\Microsoft Visual Studio 10.0\VC\bin\link.exe /ERRORREPORT:PROMPT /OUT:".\Debug\ArpCheat.exe" /INCREMENTAL /NOLOGO odbc32.lib odbccp32.lib ws2_32.lib packet.lib wpcap.lib kernel32.lib user32.lib gdi32.lib winspool.lib comdlg32.lib advapi32.lib shell32.lib ole32.lib oleaut32.lib uuid.lib odbc32.lib odbccp32.lib /MANIFEST /ManifestFile:".\Debug\ArpCheat.exe.intermediate.manifest" /MANIFESTUAC:"level='asInvoker' uiAccess='false'" /DEBUG /PDB:"D:\cpp\origin\ArpCheat\Debug\ArpCheat.pdb" /SUBSYSTEM:CONSOLE /TLBID:1 /DYNAMICBASE /NXCOMPAT /IMPLIB:".\Debug\ArpCheat.lib" /MACHINE:X86 .\Debug\ArpCheat.exe.embed.manifest.res
         .\Debug\ArpCheat.obj
       Manifest:
         正在删除文件“.\Debug\ArpCheat.exe.embed.manifest”。
         C:\Program Files (x86)\Microsoft SDKs\Windows\v7.0A\bin\mt.exe /nologo /verbose /out:".\Debug\ArpCheat.exe.embed.manifest" /manifest .\Debug\ArpCheat.exe.intermediate.manifest
         C:\Program Files (x86)\Microsoft SDKs\Windows\v7.0A\bin\rc.exe /nologo /fo".\Debug\ArpCheat.exe.embed.manifest.res" .\Debug\ArpCheat_manifest.rc 
       LinkEmbedManifest:
         C:\Program Files (x86)\Microsoft Visual Studio 10.0\VC\bin\link.exe /ERRORREPORT:PROMPT /OUT:".\Debug\ArpCheat.exe" /INCREMENTAL /NOLOGO odbc32.lib odbccp32.lib ws2_32.lib packet.lib wpcap.lib kernel32.lib user32.lib gdi32.lib winspool.lib comdlg32.lib advapi32.lib shell32.lib ole32.lib oleaut32.lib uuid.lib odbc32.lib odbccp32.lib /MANIFEST /ManifestFile:".\Debug\ArpCheat.exe.intermediate.manifest" /MANIFESTUAC:"level='asInvoker' uiAccess='false'" /DEBUG /PDB:"D:\cpp\origin\ArpCheat\Debug\ArpCheat.pdb" /SUBSYSTEM:CONSOLE /TLBID:1 /DYNAMICBASE /NXCOMPAT /IMPLIB:".\Debug\ArpCheat.lib" /MACHINE:X86 .\Debug\ArpCheat.exe.embed.manifest.res
         .\Debug\ArpCheat.obj
         ArpCheat.vcxproj -> D:\cpp\origin\ArpCheat\.\Debug\ArpCheat.exe
       FinalizeBuildStatus:
         正在删除文件“.\Debug\ArpCheat.unsuccessfulbuild”。
         正在对“.\Debug\ArpCheat.lastbuildstate”执行 Touch 任务。
     1>已完成生成项目“D:\cpp\origin\ArpCheat\ArpCheat.vcxproj”(rebuild 个目标)的操作。

生成成功。

已用时间 00:00:03.49
